<?xml version="1.0" encoding="UTF-8" ?>
<testsuite tests="1" failures="1" name="TestSuite" time="2.747" errors="0" skipped="0">
  <properties>
    <property name="java.runtime.name" value="Java(TM) SE Runtime Environment"/>
    <property name="sun.boot.library.path" value="D:\Program Files\Java\jdk1.8.0_221\jre\bin"/>
    <property name="java.vm.version" value="25.221-b11"/>
    <property name="java.vm.vendor" value="Oracle Corporation"/>
    <property name="java.vendor.url" value="http://java.oracle.com/"/>
    <property name="path.separator" value=";"/>
    <property name="java.vm.name" value="Java HotSpot(TM) 64-Bit Server VM"/>
    <property name="file.encoding.pkg" value="sun.io"/>
    <property name="user.script" value=""/>
    <property name="user.country" value="CN"/>
    <property name="sun.java.launcher" value="SUN_STANDARD"/>
    <property name="sun.os.patch.level" value=""/>
    <property name="java.vm.specification.name" value="Java Virtual Machine Specification"/>
    <property name="user.dir" value="D:\IdeaProjects\com.test.api\target"/>
    <property name="java.runtime.version" value="1.8.0_221-b11"/>
    <property name="java.awt.graphicsenv" value="sun.awt.Win32GraphicsEnvironment"/>
    <property name="basedir" value="D:\IdeaProjects\com.test.api"/>
    <property name="java.endorsed.dirs" value="D:\Program Files\Java\jdk1.8.0_221\jre\lib\endorsed"/>
    <property name="os.arch" value="amd64"/>
    <property name="java.io.tmpdir" value="C:\Users\MSI-PC\AppData\Local\Temp\"/>
    <property name="line.separator" value="
"/>
    <property name="java.vm.specification.vendor" value="Oracle Corporation"/>
    <property name="user.variant" value=""/>
    <property name="os.name" value="Windows 10"/>
    <property name="allure.results.directory" value="./target/allure-results"/>
    <property name="sun.jnu.encoding" value="GBK"/>
    <property name="java.library.path" value="D:\Program Files\Java\jdk1.8.0_221\jre\bin;C:\WINDOWS\Sun\Java\bin;C:\WINDOWS\system32;C:\WINDOWS;D:\Program Files\Git\mingw64\bin;D:\Program Files\Git\usr\bin;C:\Users\MSI-PC\bin;C:\Program Files (x86)\Common Files\Oracle\Java\javapath;C:\Borland\CBUILD~1\Bin;C:\Borland\CBUILD~1\Projects\Bpl;C:\Program Files (x86)\Intel\iCLS Client;C:\Program Files\Intel\iCLS Client;C:\Windows\system32;C:\Windows;C:\Windows\System32\Wbem;C:\Windows\System32\WindowsPowerShell\v1.0;C:\Program Files (x86)\NVIDIA Corporation\PhysX\Common;C:\Program Files (x86)\Intel\Intel(R) Management Engine Components\DAL;C:\Program Files\Intel\Intel(R) Management Engine Components\DAL;C:\Program Files (x86)\Intel\Intel(R) Management Engine Components\IPT;C:\Program Files\Intel\Intel(R) Management Engine Components\IPT;C:\Program Files (x86)\MySQL\MySQL Server 5.5\bin;C:\WINDOWS\system32;C:\WINDOWS;C:\WINDOWS\System32\Wbem;C:\WINDOWS\System32\WindowsPowerShell\v1.0;C:\Program Files\Intel\WiFi\bin;C:\Program Files\Common Files\Intel\WirelessCommon;C:\WINDOWS\System32\OpenSSH;C:\Users\MSI-PC\AppData\Local\Google\Chrome\Application;D:\Jmeter\apache-jmeter-3.1\lib\ext\ApacheJMeter_core.jar;D:\Jmeter\apache-jmeter-3.1\lib\jorphan.jar;D:\Jmeter\apache-jmeter-3.1\lib\logkit-2.0.jar;D:\Jmeter\apache-jmeter-3.1\bin;D:\android-sdk\platform-tools;D:\android-sdk\tools;%M2_Home%\bin;D:\Program Files (x86)\mysql-5.5.55-winx64\bin;D:\Program Files\Maven\apache-maven-3.6.3\bin;D:\Program Files\Git\cmd;D:\Program Files\nodejs;C:\Program Files (x86)\Google\Chrome\Application\chromedriver.exe;C:\strawberry\c\bin;C:\strawberry\perl\bin;D:\Program Files\Java\jdk1.8.0_221\bin;D:\Program Files\Java\jdk1.8.0_221\jre\bin;D:\report\allure-2.7.0\bin;C:\Python\Python36\Scripts;C:\Python\Python36;C:\Users\MSI-PC\AppData\Local\Microsoft\WindowsApps;C:\Program Files\Intel\WiFi\bin;C:\Program Files\Common Files\Intel\WirelessCommon;C:\Users\MSI-PC\AppData\Local\Google\Chrome\Application;D:\Program Files\JetBrains\IntelliJ IDEA 2018.3.4\bin;D:\Program Files\nodejs\node_global;D:\Program Files\Fiddler;D:\Program Files\JetBrains\PyCharm 2019.2\bin;D:\Program Files\JetBrains\IntelliJ IDEA 2019.2.4\bin;C:\Users\MSI-PC\AppData\Local\Microsoft\WindowsApps;D:\Program Files\JetBrains\WebStorm 2019.2.4\bin;."/>
    <property name="java.specification.name" value="Java Platform API Specification"/>
    <property name="java.class.version" value="52.0"/>
    <property name="sun.management.compiler" value="HotSpot 64-Bit Tiered Compilers"/>
    <property name="os.version" value="10.0"/>
    <property name="user.home" value="C:\Users\MSI-PC"/>
    <property name="user.timezone" value="GMT+08:00"/>
    <property name="java.awt.printerjob" value="sun.awt.windows.WPrinterJob"/>
    <property name="java.specification.version" value="1.8"/>
    <property name="file.encoding" value="GBK"/>
    <property name="user.name" value="MSI-PC"/>
    <property name="java.class.path" value="D:\IdeaProjects\com.test.api\target\surefire\surefirebooter1938820821093964747.jar;E:\ideaMaven\MavenRepository/org/aspectj/aspectjweaver/1.8.10/aspectjweaver-1.8.10.jar"/>
    <property name="java.vm.specification.version" value="1.8"/>
    <property name="sun.arch.data.model" value="64"/>
    <property name="java.home" value="D:\Program Files\Java\jdk1.8.0_221\jre"/>
    <property name="sun.java.command" value="D:\IdeaProjects\com.test.api\target\surefire\surefirebooter1938820821093964747.jar D:\IdeaProjects\com.test.api\target\surefire\surefire2013022002202008130tmp D:\IdeaProjects\com.test.api\target\surefire\surefire3232496594339093240tmp"/>
    <property name="java.specification.vendor" value="Oracle Corporation"/>
    <property name="user.language" value="zh"/>
    <property name="awt.toolkit" value="sun.awt.windows.WToolkit"/>
    <property name="java.vm.info" value="mixed mode"/>
    <property name="java.version" value="1.8.0_221"/>
    <property name="java.ext.dirs" value="D:\Program Files\Java\jdk1.8.0_221\jre\lib\ext;C:\WINDOWS\Sun\Java\lib\ext"/>
    <property name="sun.boot.class.path" value="D:\Program Files\Java\jdk1.8.0_221\jre\lib\resources.jar;D:\Program Files\Java\jdk1.8.0_221\jre\lib\rt.jar;D:\Program Files\Java\jdk1.8.0_221\jre\lib\sunrsasign.jar;D:\Program Files\Java\jdk1.8.0_221\jre\lib\jsse.jar;D:\Program Files\Java\jdk1.8.0_221\jre\lib\jce.jar;D:\Program Files\Java\jdk1.8.0_221\jre\lib\charsets.jar;D:\Program Files\Java\jdk1.8.0_221\jre\lib\jfr.jar;D:\Program Files\Java\jdk1.8.0_221\jre\classes"/>
    <property name="java.vendor" value="Oracle Corporation"/>
    <property name="localRepository" value="E:\ideaMaven\MavenRepository"/>
    <property name="file.separator" value="\"/>
    <property name="java.vendor.url.bug" value="http://bugreport.sun.com/bugreport/"/>
    <property name="sun.cpu.endian" value="little"/>
    <property name="sun.io.unicode.encoding" value="UnicodeLittle"/>
    <property name="sun.desktop" value="windows"/>
    <property name="sun.cpu.isalist" value="amd64"/>
  </properties>
  <testcase classname="com.test.api.Test" name="envSetUp" time="0">
    <failure message="Index: 0, Size: 0" type="java.lang.IndexOutOfBoundsException">java.lang.IndexOutOfBoundsException: Index: 0, Size: 0
	at java.util.ArrayList.rangeCheck(ArrayList.java:657)
	at java.util.ArrayList.get(ArrayList.java:433)
	at com.test.api.Test.envSetUp(Test.java:46)
</failure>
    <system-out>@HL
@HL-------------------------------------------------------
@HL T E S T S
@HL-------------------------------------------------------
@SLRunning TestSuite
</system-out>
    <system-err>SLF4J: Failed to load class &quot;org.slf4j.impl.StaticLoggerBinder&quot;.
SLF4J: Defaulting to no-operation (NOP) logger implementation
SLF4J: See http://www.slf4j.org/codes.html#StaticLoggerBinder for further details.
java.io.FileNotFoundException: src\main\resources\case01.xls
	at org.apache.poi.ss.usermodel.WorkbookFactory.create(WorkbookFactory.java:250)
	at org.apache.poi.ss.usermodel.WorkbookFactory.create(WorkbookFactory.java:226)
	at org.apache.poi.ss.usermodel.WorkbookFactory.create(WorkbookFactory.java:205)
	at com.test.api.utils.ExcelUtil.processExcelToList(ExcelUtil.java:266)
	at com.test.api.utils.CaseUtil.&lt;clinit&gt;(CaseUtil.java:26)
	at com.test.api.Test.envSetUp(Test.java:46)
	at sun.reflect.NativeMethodAccessorImpl.invoke0(Native Method)
	at sun.reflect.NativeMethodAccessorImpl.invoke(NativeMethodAccessorImpl.java:62)
	at sun.reflect.DelegatingMethodAccessorImpl.invoke(DelegatingMethodAccessorImpl.java:43)
	at java.lang.reflect.Method.invoke(Method.java:498)
	at org.testng.internal.MethodInvocationHelper.invokeMethod(MethodInvocationHelper.java:84)
	at org.testng.internal.Invoker.invokeConfigurationMethod(Invoker.java:564)
	at org.testng.internal.Invoker.invokeConfigurations(Invoker.java:213)
	at org.testng.internal.Invoker.invokeConfigurations(Invoker.java:138)
	at org.testng.internal.TestMethodWorker.invokeBeforeClassMethods(TestMethodWorker.java:175)
	at org.testng.internal.TestMethodWorker.run(TestMethodWorker.java:107)
	at org.testng.TestRunner.privateRun(TestRunner.java:767)
	at org.testng.TestRunner.run(TestRunner.java:617)
	at org.testng.SuiteRunner.runTest(SuiteRunner.java:348)
	at org.testng.SuiteRunner.runSequentially(SuiteRunner.java:343)
	at org.testng.SuiteRunner.privateRun(SuiteRunner.java:305)
	at org.testng.SuiteRunner.run(SuiteRunner.java:254)
	at org.testng.SuiteRunnerWorker.runSuite(SuiteRunnerWorker.java:52)
	at org.testng.SuiteRunnerWorker.run(SuiteRunnerWorker.java:86)
	at org.testng.TestNG.runSuitesSequentially(TestNG.java:1224)
	at org.testng.TestNG.runSuitesLocally(TestNG.java:1149)
	at org.testng.TestNG.run(TestNG.java:1057)
	at org.apache.maven.surefire.testng.TestNGExecutor.run(TestNGExecutor.java:61)
	at org.apache.maven.surefire.testng.TestNGDirectoryTestSuite.execute(TestNGDirectoryTestSuite.java:115)
	at org.apache.maven.surefire.testng.TestNGProvider.invoke(TestNGProvider.java:111)
	at sun.reflect.NativeMethodAccessorImpl.invoke0(Native Method)
	at sun.reflect.NativeMethodAccessorImpl.invoke(NativeMethodAccessorImpl.java:62)
	at sun.reflect.DelegatingMethodAccessorImpl.invoke(DelegatingMethodAccessorImpl.java:43)
	at java.lang.reflect.Method.invoke(Method.java:498)
	at org.apache.maven.surefire.booter.ProviderFactory$ClassLoaderProxy.invoke(ProviderFactory.java:103)
	at com.sun.proxy.$Proxy0.invoke(Unknown Source)
	at org.apache.maven.surefire.booter.SurefireStarter.invokeProvider(SurefireStarter.java:145)
	at org.apache.maven.surefire.booter.SurefireStarter.runSuitesInProcess(SurefireStarter.java:70)
	at org.apache.maven.surefire.booter.ForkedBooter.main(ForkedBooter.java:69)
</system-err>
  </testcase>
</testsuite>